2026-03-31 15:20:06 프로그램 시작
2026-03-31 15:20:07 설정 로드 완료: Theme=Dark, Excel=E:\GitF\LocalOnly\Gi_chan\LifeRecord\docs\기찬이_마이그레이션.xlsx
2026-03-31 15:20:07 자동 백업 생성: E:\GitF\LocalOnly\Gi_chan\LifeRecord\docs\Backup\기찬이_마이그레이션_backup_20260331_152007.xlsx
2026-03-31 15:20:07 자동 백업 완료
2026-03-31 15:20:09 메인 윈도우 표시 완료
2026-03-31 15:20:29 비동기 예외: A Task's exception(s) were not observed either by Waiting on the Task or accessing its Exception property. As a result, the unobserved exception was rethrown by the finalizer thread. (XAxes and YAxes must contain at least one element.)

2026-03-31 15:20:37 비동기 예외: A Task's exception(s) were not observed either by Waiting on the Task or accessing its Exception property. As a result, the unobserved exception was rethrown by the finalizer thread. (XAxes and YAxes must contain at least one element.)

2026-03-31 15:20:51 프로그램 정상 종료
2026-03-31 15:21:40 프로그램 시작
2026-03-31 15:21:40 설정 로드 완료: Theme=Dark, Excel=E:\GitF\LocalOnly\Gi_chan\LifeRecord\docs\기찬이_마이그레이션.xlsx
2026-03-31 15:21:40 자동 백업 생성: E:\GitF\LocalOnly\Gi_chan\LifeRecord\docs\Backup\기찬이_마이그레이션_backup_20260331_152140.xlsx
2026-03-31 15:21:40 자동 백업 완료
2026-03-31 15:21:41 메인 윈도우 표시 완료
2026-03-31 15:22:14 비동기 예외: A Task's exception(s) were not observed either by Waiting on the Task or accessing its Exception property. As a result, the unobserved exception was rethrown by the finalizer thread. (XAxes and YAxes must contain at least one element.)

2026-03-31 15:22:37 프로그램 정상 종료
2026-03-31 15:28:22 프로그램 시작
2026-03-31 15:28:22 설정 로드 완료: Theme=Dark, Excel=E:\GitF\LocalOnly\Gi_chan\LifeRecord\docs\기찬이_마이그레이션.xlsx
2026-03-31 15:28:22 자동 백업 생성: E:\GitF\LocalOnly\Gi_chan\LifeRecord\docs\Backup\기찬이_마이그레이션_backup_20260331_152822.xlsx
2026-03-31 15:28:22 자동 백업 완료
2026-03-31 15:28:22 Firebase 동기화: 비활성화 (ExcelOnly)
2026-03-31 15:28:23 메인 윈도우 표시 완료
2026-03-31 15:28:39 비동기 예외: A Task's exception(s) were not observed either by Waiting on the Task or accessing its Exception property. As a result, the unobserved exception was rethrown by the finalizer thread. (XAxes and YAxes must contain at least one element.)

2026-03-31 15:31:26 프로그램 정상 종료
2026-03-31 15:49:30 프로그램 시작
2026-03-31 15:49:30 설정 로드 완료: Theme=Light, Excel=E:\GitF\LocalOnly\Gi_chan\GichanSync\docs\DB_20260330_1002.xlsx
2026-03-31 15:49:30 자동 백업 생성: E:\GitF\LocalOnly\Gi_chan\GichanSync\docs\Backup\DB_20260330_1002_backup_20260331_154930.xlsx
2026-03-31 15:49:30 자동 백업 완료
2026-03-31 15:49:30 Firebase 동기화: 비활성화 (ExcelOnly)
2026-03-31 15:49:31 메인 윈도우 표시 완료
2026-03-31 15:51:10 프로그램 정상 종료
2026-03-31 15:51:14 프로그램 시작
2026-03-31 15:51:14 설정 로드 완료: Theme=Dark, Excel=E:\GitF\LocalOnly\Gi_chan\GichanSync\docs\DB_20260330_1002.xlsx
2026-03-31 15:51:14 자동 백업 생성: E:\GitF\LocalOnly\Gi_chan\GichanSync\docs\Backup\DB_20260330_1002_backup_20260331_155114.xlsx
2026-03-31 15:51:14 자동 백업 완료
2026-03-31 15:51:14 Firebase 동기화: 비활성화 (ExcelOnly)
2026-03-31 15:51:16 메인 윈도우 표시 완료
2026-03-31 15:55:42 프로그램 정상 종료
2026-03-31 16:00:47 프로그램 시작
2026-03-31 16:00:47 설정 로드 완료: Theme=Dark, Excel=E:\GitF\LocalOnly\Gi_chan\GichanSync\docs\DB_20260330_1002.xlsx
2026-03-31 16:00:47 자동 백업 생성: E:\GitF\LocalOnly\Gi_chan\GichanSync\docs\Backup\DB_20260330_1002_backup_20260331_160047.xlsx
2026-03-31 16:00:47 자동 백업 완료
2026-03-31 16:00:47 Firebase 동기화: 비활성화 (ExcelOnly)
2026-03-31 16:00:49 메인 윈도우 표시 완료
2026-03-31 16:15:10 프로그램 정상 종료
2026-03-31 16:39:53 프로그램 시작
2026-03-31 16:39:53 설정 로드 완료: Theme=Dark, Excel=E:\GitF\LocalOnly\Gi_chan\GichanSync\docs\DB_20260330_1002.xlsx
2026-03-31 16:39:53 자동 백업 생성: E:\GitF\LocalOnly\Gi_chan\GichanSync\docs\Backup\DB_20260330_1002_backup_20260331_163953.xlsx
2026-03-31 16:39:53 자동 백업 완료
2026-03-31 16:39:53 Firebase 동기화: 비활성화 (ExcelOnly)
2026-03-31 16:39:55 메인 윈도우 표시 완료
2026-03-31 16:48:06 프로그램 정상 종료
2026-03-31 17:07:40 프로그램 시작
2026-03-31 17:07:40 설정 로드 완료: Theme=Dark, Excel=E:\GitF\LocalOnly\Gi_chan\GichanSync\docs\DB_20260330_1002.xlsx
2026-03-31 17:07:40 자동 백업 생성: E:\GitF\LocalOnly\Gi_chan\GichanSync\docs\Backup\DB_20260330_1002_backup_20260331_170740.xlsx
2026-03-31 17:07:40 자동 백업 완료
2026-03-31 17:07:40 Firebase 동기화: 비활성화 (ExcelOnly)
2026-03-31 17:07:41 메인 윈도우 표시 완료
2026-03-31 17:10:20 프로그램 정상 종료
2026-03-31 17:20:33 프로그램 시작
2026-03-31 17:20:33 설정 로드 완료: Theme=Dark, Excel=E:\GitF\LocalOnly\Gi_chan\GichanSync\docs\DB_20260330_1002.xlsx
2026-03-31 17:20:33 자동 백업 생성: E:\GitF\LocalOnly\Gi_chan\GichanSync\docs\Backup\DB_20260330_1002_backup_20260331_172033.xlsx
2026-03-31 17:20:33 자동 백업 완료
2026-03-31 17:20:33 Firebase 동기화: 비활성화 (ExcelOnly)
2026-03-31 17:20:34 메인 윈도우 표시 완료
2026-03-31 17:23:42 프로그램 정상 종료
